<?xml version="1.0" encoding="UTF-8"?>
<testsuite name="com.example.myservice.MyserviceApplicationTests" tests="1" skipped="0" failures="0" errors="0" timestamp="2024-05-02T22:47:28" hostname="FH" time="0.413">
  <properties/>
  <testcase name="contextLoads()" classname="com.example.myservice.MyserviceApplicationTests" time="0.413"/>
  <system-out><![CDATA[00:47:26.819 [Test worker] DEBUG org.springframework.boot.test.context.SpringBootTestContextBootstrapper - Neither @ContextConfiguration nor @ContextHierarchy found for test class [MyserviceApplicationTests]: using SpringBootContextLoader
00:47:26.835 [Test worker] DEBUG org.springframework.test.context.support.AbstractContextLoader - Could not detect default resource locations for test class [com.example.myservice.MyserviceApplicationTests]: no resource found for suffixes {-context.xml, Context.groovy}.
00:47:26.835 [Test worker] INFO org.springframework.test.context.support.AnnotationConfigContextLoaderUtils - Could not detect default configuration classes for test class [com.example.myservice.MyserviceApplicationTests]: MyserviceApplicationTests does not declare any static, non-private, non-final, nested classes annotated with @Configuration.
00:47:26.857 [Test worker] DEBUG org.springframework.boot.test.context.SpringBootTestContextBootstrapper - Using ContextCustomizers for test class [MyserviceApplicationTests]: [DisableObservabilityContextCustomizer, PropertyMappingContextCustomizer, Customizer, ExcludeFilterContextCustomizer, DuplicateJsonObjectContextCustomizer, MockitoContextCustomizer, TestRestTemplateContextCustomizer]
00:47:26.913 [Test worker] DEBUG org.springframework.context.annotation.ClassPathScanningCandidateComponentProvider - Identified candidate component class: file [C:\Users\hafsa\Desktop\kubernetes-minikube-main\MyService\build\classes\java\main\com\example\myservice\MyServiceApplication.class]
00:47:26.929 [Test worker] INFO org.springframework.boot.test.context.SpringBootTestContextBootstrapper - Found @SpringBootConfiguration com.example.myservice.MyServiceApplication for test class com.example.myservice.MyserviceApplicationTests
00:47:27.087 [Test worker] DEBUG org.springframework.test.context.util.TestContextSpringFactoriesUtils - Skipping candidate TestExecutionListener [org.springframework.test.context.transaction.TransactionalTestExecutionListener] due to a missing dependency. Specify custom TestExecutionListener classes or make the default TestExecutionListener classes and their required dependencies available. Offending class: [org/springframework/transaction/interceptor/TransactionAttributeSource]
00:47:27.087 [Test worker] DEBUG org.springframework.test.context.util.TestContextSpringFactoriesUtils - Skipping candidate TestExecutionListener [org.springframework.test.context.jdbc.SqlScriptsTestExecutionListener] due to a missing dependency. Specify custom TestExecutionListener classes or make the default TestExecutionListener classes and their required dependencies available. Offending class: [org/springframework/transaction/interceptor/TransactionAttribute]
00:47:27.087 [Test worker] DEBUG org.springframework.boot.test.context.SpringBootTestContextBootstrapper - Using TestExecutionListeners for test class [MyserviceApplicationTests]: [ServletTestExecutionListener, DirtiesContextBeforeModesTestExecutionListener, ApplicationEventsTestExecutionListener, MockitoTestExecutionListener, DependencyInjectionTestExecutionListener, DirtiesContextTestExecutionListener, EventPublishingTestExecutionListener, RestDocsTestExecutionListener, MockRestServiceServerResetTestExecutionListener, MockMvcPrintOnlyOnFailureTestExecutionListener, WebDriverTestExecutionListener, MockWebServiceServerTestExecutionListener, ResetMocksTestExecutionListener]
00:47:27.087 [Test worker] DEBUG org.springframework.test.context.support.AbstractDirtiesContextTestExecutionListener - Before test class: class [MyserviceApplicationTests], class annotated with @DirtiesContext [false] with mode [null]

  .   ____          _            __ _ _
 /\\ / ___'_ __ _ _(_)_ __  __ _ \ \ \ \
( ( )\___ | '_ | '_| | '_ \/ _` | \ \ \ \
 \\/  ___)| |_)| | | | | || (_| |  ) ) ) )
  '  |____| .__|_| |_|_| |_\__, | / / / /
 =========|_|==============|___/=/_/_/_/
 :: Spring Boot ::                (v3.0.0)

2024-05-03T00:47:27.372+02:00  INFO 26168 --- [    Test worker] c.e.myservice.MyserviceApplicationTests  : Starting MyserviceApplicationTests using Java 17.0.11 with PID 26168 (started by hafsa in C:\Users\hafsa\Desktop\kubernetes-minikube-main\MyService)
2024-05-03T00:47:27.372+02:00  INFO 26168 --- [    Test worker] c.e.myservice.MyserviceApplicationTests  : No active profile set, falling back to 1 default profile: "default"
2024-05-03T00:47:28.771+02:00  INFO 26168 --- [    Test worker] c.e.myservice.MyserviceApplicationTests  : Started MyserviceApplicationTests in 1.634 seconds (process running for 3.191)
]]></system-out>
  <system-err><![CDATA[]]></system-err>
</testsuite>
